<?xml version="1.0" encoding="UTF-8"?>
<!-- Generated by org.testng.reporters.JUnitXMLReporter -->
<testsuite hostname="ind643.local" ignored="0" name="Default test" tests="4" failures="0" timestamp="30 Jul 2019 12:57:04 GMT" time="47.729" errors="0">
  <testcase name="empty_Credentials_Login" time="0.233" classname="com.sntf.steps.Frontloginsteps"/>
  <testcase name="invalid_Password" time="1.802" classname="com.sntf.steps.Frontloginsteps"/>
  <testcase name="invalid_Username" time="1.667" classname="com.sntf.steps.Frontloginsteps"/>
  <testcase name="ValidUser" time="2.441" classname="com.sntf.steps.Frontloginsteps"/>
</testsuite> <!-- Default test -->
