<?xml version="1.0" encoding="UTF-8"?>
<!-- Generated by org.testng.reporters.JUnitXMLReporter -->
<testsuite hostname="ind643.local" ignored="0" name="Regression Test" tests="9" failures="0" timestamp="03 Apr 2019 11:57:20 GMT" time="112.012" errors="0">
  <testcase name="Wipeup" time="45.471" classname="com.sntf.steps.Product_Purchase"/>
  <testcase name="empty_Credentials_Login" time="0.085" classname="com.sntf.steps.Frontloginsteps"/>
  <testcase name="Insert_Query" time="0.127" classname="com.sntf.steps.DatabaseTesting"/>
  <testcase name="invalid_Password" time="2.659" classname="com.sntf.steps.Frontloginsteps"/>
  <testcase name="Select_query" time="0.009" classname="com.sntf.steps.DatabaseTesting"/>
  <testcase name="invalid_Username" time="3.251" classname="com.sntf.steps.Frontloginsteps"/>
  <testcase name="Update_query" time="0.01" classname="com.sntf.steps.DatabaseTesting"/>
  <testcase name="ValidUser" time="3.124" classname="com.sntf.steps.Frontloginsteps"/>
  <testcase name="Delete_query" time="0.007" classname="com.sntf.steps.DatabaseTesting"/>
</testsuite> <!-- Regression Test -->
