<?xml version="1.0" encoding="UTF-8"?>
<testng-results skipped="0" failed="0" ignored="0" total="2" passed="2">
  <reporter-output>
  </reporter-output>
  <suite name="Default suite" duration-ms="631" started-at="2019-06-03T11:21:06Z" finished-at="2019-06-03T11:21:07Z">
    <groups>
    </groups>
    <test name="Default test" duration-ms="631" started-at="2019-06-03T11:21:06Z" finished-at="2019-06-03T11:21:07Z">
      <class name="com.sntf.steps.ReadQRCode">
        <test-method status="PASS" signature="SingleQRReader()[pri:1, instance:com.sntf.steps.ReadQRCode@4eb7f003]" name="SingleQRReader" duration-ms="534" started-at="2019-06-03T16:51:06Z" finished-at="2019-06-03T16:51:07Z">
          <reporter-output>
          </reporter-output>
        </test-method> <!-- SingleQRReader -->
        <test-method status="PASS" signature="MultipleQRReader()[pri:2, instance:com.sntf.steps.ReadQRCode@4eb7f003]" name="MultipleQRReader" duration-ms="77" started-at="2019-06-03T16:51:07Z" finished-at="2019-06-03T16:51:07Z">
          <reporter-output>
          </reporter-output>
        </test-method> <!-- MultipleQRReader -->
      </class> <!-- com.sntf.steps.ReadQRCode -->
    </test> <!-- Default test -->
  </suite> <!-- Default suite -->
</testng-results>
